18-May-20 19:24:38	This log contains information about the import schema operation into project 'Automate XML Export' on computer 'IDEAPAD' by user 'arjan'.
18-May-20 19:24:38	Import of database schema has started.
18-May-20 19:24:44	Gathering database credentials
18-May-20 19:24:44	Gathering database options
18-May-20 19:24:44	Gathering generic database scoped configuration option
18-May-20 19:24:44	Gathering users
18-May-20 19:24:44	Gathering roles
18-May-20 19:24:44	Gathering application roles
18-May-20 19:24:44	Gathering role memberships
18-May-20 19:24:44	Gathering filegroups
18-May-20 19:24:44	Gathering full-text catalogs
18-May-20 19:24:44	Gathering assemblies
18-May-20 19:24:44	Gathering certificates
18-May-20 19:24:44	Gathering asymmetric keys
18-May-20 19:24:44	Gathering symmetric keys
18-May-20 19:24:44	Gathering encrypted symmetric keys
18-May-20 19:24:44	Gathering schemas
18-May-20 19:24:44	Gathering XML schema collections
18-May-20 19:24:44	Gathering user-defined data types
18-May-20 19:24:44	Gathering user-defined types
18-May-20 19:24:44	Gathering table types
18-May-20 19:24:44	Gathering unique keys for table types
18-May-20 19:24:44	Gathering primary keys for table types
18-May-20 19:24:44	Gathering indexes for table types
18-May-20 19:24:44	Gathering check constraints for table types
18-May-20 19:24:44	Gathering default constraints for table types
18-May-20 19:24:44	Gathering partition functions
18-May-20 19:24:44	Gathering partition schemes
18-May-20 19:24:44	Gathering functions
18-May-20 19:24:44	Gathering encrypted functions
18-May-20 19:24:44	Gathering aggregates
18-May-20 19:24:44	Gathering procedures
18-May-20 19:24:44	Gathering encrypted procedures
18-May-20 19:24:44	Gathering tables
18-May-20 19:24:45	Gathering primary keys
18-May-20 19:24:45	Gathering unique constraints
18-May-20 19:24:45	Gathering foreign keys
18-May-20 19:24:45	Gathering default constraints
18-May-20 19:24:45	Gathering check constraints
18-May-20 19:24:45	Gathering views
18-May-20 19:24:45	Gathering encrypted views
18-May-20 19:24:45	Gathering indexes
18-May-20 19:24:45	Gathering statistics
18-May-20 19:24:45	Gathering full-text index stoplists
18-May-20 19:24:45	Gathering search property lists
18-May-20 19:24:45	Gathering search properties
18-May-20 19:24:45	Gathering full-text indexes
18-May-20 19:24:45	Gathering column store indexes
18-May-20 19:24:45	Gathering spatial indexes
18-May-20 19:24:45	Gathering XML indexes
18-May-20 19:24:45	Gathering Selective XML indexes
18-May-20 19:24:45	Gathering encrypted triggers
18-May-20 19:24:45	Gathering triggers
18-May-20 19:24:45	Gathering encrypted and clr ddl triggers
18-May-20 19:24:45	Gathering ddl triggers
18-May-20 19:24:45	Creating edge constraints
18-May-20 19:24:45	Gathering synonyms
18-May-20 19:24:45	Gathering defaults
18-May-20 19:24:45	Gathering data constraint uddt bindings
18-May-20 19:24:45	Gathering rules
18-May-20 19:24:45	Gathering data constraint uddt bindings
18-May-20 19:24:45	Gathering message types
18-May-20 19:24:45	Gathering queues
18-May-20 19:24:45	Gathering contracts
18-May-20 19:24:45	Gathering services
18-May-20 19:24:45	Gathering event notifications
18-May-20 19:24:45	Gathering remote service bindings
18-May-20 19:24:45	Gathering broker priorities
18-May-20 19:24:45	Gathering signatures
18-May-20 19:24:45	Gathering data compression options
18-May-20 19:24:45	Gathering sequence types
18-May-20 19:24:45	Gathering security policies
18-May-20 19:24:45	Gather column encryption keys
18-May-20 19:24:45	Gathering column master keys
18-May-20 19:24:45	Gathering external data sources
18-May-20 19:24:45	Gathering external file formats
18-May-20 19:24:45	Gathering external tables
18-May-20 19:24:45	Gathering extended properties
18-May-20 19:24:45	Gathering credentials
18-May-20 19:24:45	Gathering logins
18-May-20 19:24:45	Gathering server audits
18-May-20 19:24:46	Scanning project for duplicate elements
18-May-20 19:24:46	Finished duplicate element processing
18-May-20 19:24:47	Finished importing database.
18-May-20 19:24:47	A summary of the import was saved to the following location: C:\Users\arjan\source\repos\Automate XML Export\Automate XML Export\Import Schema Logs\Automate XML Export_20200518052438.log
18-May-20 19:24:47	Click Finish to continue...
